<?xml version="1.0" encoding="UTF-8"?>
<!-- Generated by org.testng.reporters.JUnitReportReporter -->
<testsuite skipped="0" hostname="DESKTOP-DL8U1DL" name="com.crm.qa.testcases.LoginPageTest" tests="3" failures="0" timestamp="19 Feb 2018 13:28:38 GMT" time="43.272" errors="0">
  <testcase name="loginPageTitleTest" time="8.649" classname="com.crm.qa.testcases.LoginPageTest"/>
  <testcase name="logoTest" time="9.027" classname="com.crm.qa.testcases.LoginPageTest"/>
  <testcase name="Login" time="25.596" classname="com.crm.qa.testcases.LoginPageTest"/>
</testsuite> <!-- com.crm.qa.testcases.LoginPageTest -->
