<?xml version="1.0" encoding="UTF-8"?>
<!-- Generated by org.testng.reporters.JUnitReportReporter -->
<testsuite skipped="0" hostname="DESKTOP-DL8U1DL" name="com.crm.qa.testcases.HomePageTest" tests="4" failures="0" timestamp="16 Feb 2018 07:09:22 GMT" time="77.994" errors="0">
  <testcase name="verifyTitleTest" time="20.278" classname="com.crm.qa.testcases.HomePageTest"/>
  <testcase name="contactsLinkTest" time="18.004" classname="com.crm.qa.testcases.HomePageTest"/>
  <testcase name="dealsLinkTest" time="21.140" classname="com.crm.qa.testcases.HomePageTest"/>
  <testcase name="tasksLinkTest" time="18.572" classname="com.crm.qa.testcases.HomePageTest"/>
</testsuite> <!-- com.crm.qa.testcases.HomePageTest -->
