<?xml version="1.0" encoding="UTF-8"?>
<!-- Generated by org.testng.reporters.JUnitReportReporter -->
<testsuite skipped="0" hostname="DESKTOP-DL8U1DL" name="com.crm.qa.testcases.ContactsPageTest" tests="3" failures="0" timestamp="16 Feb 2018 07:09:22 GMT" time="79.799" errors="0">
  <testcase name="fillform" time="29.057" classname="com.crm.qa.testcases.ContactsPageTest"/>
  <testcase name="fillform" time="26.486" classname="com.crm.qa.testcases.ContactsPageTest"/>
  <testcase name="fillform" time="24.256" classname="com.crm.qa.testcases.ContactsPageTest"/>
</testsuite> <!-- com.crm.qa.testcases.ContactsPageTest -->
